<?xml version="1.0" encoding="UTF-8"?>
<!-- Generated by org.testng.reporters.JUnitReportReporter -->
<testsuite hostname="DESKTOP-S24JT6L" failures="0" tests="1" name="PakagesC6pro.TestngScriptMAVEN" time="9.745" errors="0" timestamp="2022-04-21T14:39:24 IST" skipped="0">
  <testcase classname="PakagesC6pro.TestngScriptMAVEN" name="firstMavenTestng" time="9.745"/>
  <system-out/>
</testsuite> <!-- PakagesC6pro.TestngScriptMAVEN -->
